2026-03-11 14:01:47,161 [INFO] HTTP Request: GET https://lichess.org/api/account "HTTP/1.1 200 OK"
2026-03-11 14:01:48,088 [INFO] HTTP Request: GET https://lichess.org/api/stream/event "HTTP/1.1 200 OK"
2026-03-11 14:05:26,152 [INFO] HTTP Request: POST https://lichess.org/api/challenge/aMjWnaEA/decline "HTTP/1.1 200 OK"
2026-03-11 14:06:30,613 [INFO] HTTP Request: POST https://lichess.org/api/challenge/nCidqodJ/accept "HTTP/1.1 200 OK"
2026-03-11 14:06:34,151 [INFO] HTTP Request: GET https://lichess.org/api/bot/game/stream/nCidqodJ "HTTP/1.1 200 OK"
2026-03-11 14:06:34,633 [INFO] HTTP Request: GET https://lichess.org/api/account "HTTP/1.1 200 OK"
2026-03-11 14:06:34,634 [INFO] Playing as Black
2026-03-11 14:06:34,796 [INFO] HTTP Request: POST https://lichess.org/api/bot/game/nCidqodJ/chat "HTTP/1.1 200 OK"
2026-03-11 14:06:34,970 [INFO] HTTP Request: POST https://lichess.org/api/bot/game/nCidqodJ/move/c7c5 "HTTP/1.1 200 OK"
2026-03-11 14:07:05,060 [INFO] HTTP Request: POST https://lichess.org/api/bot/game/nCidqodJ/chat "HTTP/1.1 200 OK"
2026-03-11 14:07:05,791 [INFO] HTTP Request: POST https://lichess.org/api/bot/game/nCidqodJ/move/c5d4 "HTTP/1.1 200 OK"
2026-03-11 14:07:08,332 [INFO] CPL: 50.0 | Avg: 50.0 | n=1
2026-03-11 14:07:08,786 [INFO] HTTP Request: POST https://lichess.org/api/bot/game/nCidqodJ/move/d4c3 "HTTP/1.1 200 OK"
2026-03-11 14:07:12,325 [INFO] CPL: 69.0 | Avg: 59.5 | n=2
2026-03-11 14:07:12,760 [INFO] HTTP Request: POST https://lichess.org/api/bot/game/nCidqodJ/move/c3b2 "HTTP/1.1 200 OK"
2026-03-11 14:07:14,917 [INFO] CPL: 0.0 | Avg: 39.7 | n=3
2026-03-11 14:07:15,925 [INFO] HTTP Request: POST https://lichess.org/api/bot/game/nCidqodJ/move/b8c6 "HTTP/1.1 200 OK"
2026-03-11 14:07:19,734 [INFO] CPL: 14.0 | Avg: 33.2 | n=4
2026-03-11 14:07:20,518 [INFO] HTTP Request: POST https://lichess.org/api/bot/game/nCidqodJ/move/e7e6 "HTTP/1.1 200 OK"
2026-03-11 14:07:22,691 [INFO] CPL: 105.0 | Avg: 47.6 | n=5
2026-03-11 14:07:23,345 [INFO] HTTP Request: POST https://lichess.org/api/bot/game/nCidqodJ/move/c6a5 "HTTP/1.1 200 OK"
2026-03-11 14:07:26,612 [INFO] CPL: 211.0 | Avg: 74.8 | n=6
2026-03-11 14:07:27,258 [INFO] HTTP Request: POST https://lichess.org/api/bot/game/nCidqodJ/move/a7a6 "HTTP/1.1 200 OK"
2026-03-11 14:07:29,433 [INFO] CPL: 0.0 | Avg: 64.1 | n=7
2026-03-11 14:07:29,859 [INFO] HTTP Request: POST https://lichess.org/api/bot/game/nCidqodJ/move/b7b5 "HTTP/1.1 200 OK"
2026-03-11 14:07:32,937 [INFO] CPL: 14.0 | Avg: 57.9 | n=8
2026-03-11 14:07:33,268 [INFO] HTTP Request: POST https://lichess.org/api/bot/game/nCidqodJ/move/a5c4 "HTTP/1.1 200 OK"
2026-03-11 14:07:42,324 [INFO] HTTP Request: POST https://lichess.org/api/challenge/Gr8VKlmo/accept "HTTP/1.1 200 OK"
2026-03-11 14:07:44,554 [INFO] HTTP Request: GET https://lichess.org/api/bot/game/stream/Gr8VKlmo "HTTP/1.1 200 OK"
2026-03-11 14:07:45,041 [INFO] HTTP Request: GET https://lichess.org/api/account "HTTP/1.1 200 OK"
2026-03-11 14:07:45,042 [INFO] Playing as White
2026-03-11 14:07:45,248 [INFO] HTTP Request: POST https://lichess.org/api/bot/game/Gr8VKlmo/chat "HTTP/1.1 200 OK"
2026-03-11 14:07:45,423 [INFO] HTTP Request: POST https://lichess.org/api/bot/game/Gr8VKlmo/move/d2d4 "HTTP/1.1 200 OK"
2026-03-11 14:07:49,319 [INFO] HTTP Request: POST https://lichess.org/api/bot/game/Gr8VKlmo/chat "HTTP/1.1 200 OK"
2026-03-11 14:07:49,643 [INFO] HTTP Request: POST https://lichess.org/api/bot/game/Gr8VKlmo/move/d4e5 "HTTP/1.1 200 OK"
2026-03-11 14:07:52,990 [INFO] CPL: 0.0 | Avg: 0.0 | n=1
2026-03-11 14:07:53,339 [INFO] HTTP Request: POST https://lichess.org/api/bot/game/Gr8VKlmo/move/g1f3 "HTTP/1.1 200 OK"
2026-03-11 14:07:56,825 [INFO] CPL: 12.0 | Avg: 6.0 | n=2
2026-03-11 14:07:57,102 [INFO] HTTP Request: POST https://lichess.org/api/bot/game/Gr8VKlmo/move/c1f4 "HTTP/1.1 200 OK"
2026-03-11 14:07:58,837 [INFO] CPL: 2.0 | Avg: 4.7 | n=3
2026-03-11 14:08:01,563 [INFO] HTTP Request: POST https://lichess.org/api/bot/game/Gr8VKlmo/move/f3e5 "HTTP/1.1 200 OK"
2026-03-11 14:08:09,520 [INFO] CPL: 36.0 | Avg: 12.5 | n=4
2026-03-11 14:08:16,050 [INFO] HTTP Request: POST https://lichess.org/api/bot/game/Gr8VKlmo/move/f4e5 "HTTP/1.1 200 OK"
2026-03-11 14:08:18,176 [INFO] CPL: 83.0 | Avg: 26.6 | n=5
2026-03-11 14:08:19,865 [INFO] HTTP Request: POST https://lichess.org/api/bot/game/Gr8VKlmo/move/e5c7 "HTTP/1.1 200 OK"
2026-03-11 14:08:23,584 [INFO] CPL: 56.0 | Avg: 31.5 | n=6
2026-03-11 14:08:24,618 [INFO] HTTP Request: POST https://lichess.org/api/bot/game/Gr8VKlmo/move/c7g3 "HTTP/1.1 200 OK"
2026-03-11 14:08:27,687 [INFO] CPL: 14.0 | Avg: 29.0 | n=7
2026-03-11 14:08:28,462 [INFO] HTTP Request: POST https://lichess.org/api/bot/game/Gr8VKlmo/move/b1d2 "HTTP/1.1 200 OK"
2026-03-11 14:08:30,275 [INFO] CPL: 0.0 | Avg: 25.4 | n=8
2026-03-11 14:08:30,850 [INFO] HTTP Request: POST https://lichess.org/api/bot/game/Gr8VKlmo/move/a1b1 "HTTP/1.1 200 OK"
2026-03-11 14:08:32,798 [INFO] CPL: 48.0 | Avg: 27.9 | n=9
2026-03-11 14:08:33,314 [INFO] HTTP Request: POST https://lichess.org/api/bot/game/Gr8VKlmo/move/e2e4 "HTTP/1.1 200 OK"
2026-03-11 14:08:37,703 [INFO] CPL: 61.0 | Avg: 31.2 | n=10
2026-03-11 14:08:38,886 [INFO] HTTP Request: POST https://lichess.org/api/bot/game/Gr8VKlmo/move/f1b5 "HTTP/1.1 200 OK"
2026-03-11 14:08:40,853 [INFO] CPL: 0.0 | Avg: 28.4 | n=11
2026-03-11 14:08:41,921 [INFO] HTTP Request: POST https://lichess.org/api/bot/game/Gr8VKlmo/move/b5d7 "HTTP/1.1 200 OK"
2026-03-11 14:08:43,778 [INFO] CPL: 6.0 | Avg: 26.5 | n=12
2026-03-11 14:08:44,526 [INFO] HTTP Request: POST https://lichess.org/api/bot/game/Gr8VKlmo/move/b1b7 "HTTP/1.1 200 OK"
2026-03-11 14:08:46,435 [INFO] CPL: 33.0 | Avg: 27.0 | n=13
2026-03-11 14:08:47,169 [INFO] HTTP Request: POST https://lichess.org/api/bot/game/Gr8VKlmo/move/b7b3 "HTTP/1.1 200 OK"
2026-03-11 14:08:49,659 [INFO] CPL: 37.0 | Avg: 27.7 | n=14
2026-03-11 14:08:51,599 [INFO] HTTP Request: POST https://lichess.org/api/bot/game/Gr8VKlmo/move/d1f3 "HTTP/1.1 200 OK"
2026-03-11 14:08:54,386 [INFO] CPL: 95.0 | Avg: 32.2 | n=15
2026-03-11 14:08:54,974 [INFO] HTTP Request: POST https://lichess.org/api/bot/game/Gr8VKlmo/move/e4e5 "HTTP/1.1 200 OK"
2026-03-11 14:08:56,870 [INFO] CPL: 41.0 | Avg: 32.8 | n=16
2026-03-11 14:08:57,262 [INFO] HTTP Request: POST https://lichess.org/api/bot/game/Gr8VKlmo/move/f3a8 "HTTP/1.1 200 OK"
2026-03-11 14:39:58,446 [INFO] HTTP Request: GET https://lichess.org/api/account "HTTP/1.1 200 OK"
2026-03-11 14:39:58,453 [INFO] Logged in as: Inappropriate_BOT
2026-03-11 14:39:58,454 [INFO] StopBlunderingInOpeningsYouIdiot is ONLINE
2026-03-11 14:39:58,454 [INFO] Listening for events...
2026-03-11 14:39:59,268 [INFO] HTTP Request: GET https://lichess.org/api/stream/event "HTTP/1.1 200 OK"
2026-03-11 14:41:32,064 [INFO] Challenge: Study_Master156 | standard | classical | rated=False
2026-03-11 14:41:33,232 [INFO] HTTP Request: POST https://lichess.org/api/challenge/WZrBkXbZ/accept "HTTP/1.1 200 OK"
2026-03-11 14:41:33,233 [INFO] Accepted: Study_Master156
2026-03-11 14:41:33,234 [INFO] Game starting: WZrBkXbZ
2026-03-11 14:41:37,164 [INFO] Engine started
2026-03-11 14:41:37,650 [INFO] HTTP Request: GET https://lichess.org/api/bot/game/stream/WZrBkXbZ "HTTP/1.1 200 OK"
2026-03-11 14:41:38,157 [INFO] HTTP Request: GET https://lichess.org/api/account "HTTP/1.1 200 OK"
2026-03-11 14:41:38,159 [INFO] Playing as Black
2026-03-11 14:41:38,365 [INFO] HTTP Request: POST https://lichess.org/api/bot/game/WZrBkXbZ/chat "HTTP/1.1 200 OK"
2026-03-11 14:41:38,371 [INFO] Book move: e7e6
2026-03-11 14:41:38,534 [INFO] HTTP Request: POST https://lichess.org/api/bot/game/WZrBkXbZ/move/e7e6 "HTTP/1.1 200 OK"
2026-03-11 14:41:38,535 [INFO] Sent: e7e6
2026-03-11 14:41:41,222 [INFO] Out of book
2026-03-11 14:41:41,390 [INFO] HTTP Request: POST https://lichess.org/api/bot/game/WZrBkXbZ/chat "HTTP/1.1 200 OK"
2026-03-11 14:41:41,531 [INFO] Stockfish depth 12: c7c5
2026-03-11 14:41:42,031 [INFO] HTTP Request: POST https://lichess.org/api/bot/game/WZrBkXbZ/move/c7c5 "HTTP/1.1 200 OK"
2026-03-11 14:41:42,032 [INFO] Sent: c7c5
2026-03-11 14:41:47,313 [INFO] CPL: 48.0 | Avg: 48.0 | n=1
2026-03-11 14:41:47,356 [INFO] Stockfish depth 12: b8c6
2026-03-11 14:41:47,972 [INFO] HTTP Request: POST https://lichess.org/api/bot/game/WZrBkXbZ/move/b8c6 "HTTP/1.1 200 OK"
2026-03-11 14:41:47,974 [INFO] Sent: b8c6
2026-03-11 14:41:50,426 [INFO] CPL: 0.0 | Avg: 24.0 | n=2
2026-03-11 14:41:50,434 [INFO] Stockfish depth 12: d7d6
2026-03-11 14:41:50,598 [INFO] HTTP Request: POST https://lichess.org/api/bot/game/WZrBkXbZ/move/d7d6 "HTTP/1.1 200 OK"
2026-03-11 14:41:50,599 [INFO] Sent: d7d6
2026-03-11 14:41:54,895 [INFO] CPL: 8.0 | Avg: 18.7 | n=3
2026-03-11 14:41:56,185 [INFO] Stockfish depth 20: c5d4
2026-03-11 14:41:56,666 [INFO] HTTP Request: POST https://lichess.org/api/bot/game/WZrBkXbZ/move/c5d4 "HTTP/1.1 200 OK"
2026-03-11 14:41:56,668 [INFO] Sent: c5d4
2026-03-11 14:41:59,041 [INFO] CPL: 3.0 | Avg: 14.8 | n=4
2026-03-11 14:42:01,984 [INFO] Stockfish depth 22: d6e5
2026-03-11 14:42:02,519 [INFO] HTTP Request: POST https://lichess.org/api/bot/game/WZrBkXbZ/move/d6e5 "HTTP/1.1 200 OK"
2026-03-11 14:42:02,520 [INFO] Sent: d6e5
2026-03-11 14:42:04,163 [INFO] CPL: 0.0 | Avg: 11.8 | n=5
2026-03-11 14:42:05,659 [INFO] Stockfish depth 22: d8d1
2026-03-11 14:42:05,897 [INFO] HTTP Request: POST https://lichess.org/api/bot/game/WZrBkXbZ/move/d8d1 "HTTP/1.1 200 OK"
2026-03-11 14:42:05,898 [INFO] Sent: d8d1
2026-03-11 14:42:07,271 [INFO] CPL: 0.0 | Avg: 9.8 | n=6
2026-03-11 14:42:16,087 [INFO] Stockfish depth 22: b7c6
2026-03-11 14:42:16,763 [INFO] HTTP Request: POST https://lichess.org/api/bot/game/WZrBkXbZ/move/b7c6 "HTTP/1.1 200 OK"
2026-03-11 14:42:16,764 [INFO] Sent: b7c6
2026-03-11 14:42:20,133 [INFO] CPL: 0.0 | Avg: 8.4 | n=7
2026-03-11 14:42:27,785 [INFO] Stockfish depth 22: g8e7
2026-03-11 14:42:28,514 [INFO] HTTP Request: POST https://lichess.org/api/bot/game/WZrBkXbZ/move/g8e7 "HTTP/1.1 200 OK"
2026-03-11 14:42:28,515 [INFO] Sent: g8e7
2026-03-11 14:42:29,316 [INFO] CPL: 23.0 | Avg: 10.2 | n=8
2026-03-11 14:42:33,256 [INFO] Stockfish depth 22: e7f5
2026-03-11 14:42:33,488 [INFO] HTTP Request: POST https://lichess.org/api/bot/game/WZrBkXbZ/move/e7f5 "HTTP/1.1 200 OK"
2026-03-11 14:42:33,489 [INFO] Sent: e7f5
2026-03-11 14:42:33,692 [INFO] CPL: 44.0 | Avg: 14.0 | n=9
2026-03-11 14:42:37,255 [INFO] Stockfish depth 22: f5d4
2026-03-11 14:42:37,483 [INFO] HTTP Request: POST https://lichess.org/api/bot/game/WZrBkXbZ/move/f5d4 "HTTP/1.1 200 OK"
2026-03-11 14:42:37,484 [INFO] Sent: f5d4
2026-03-11 14:42:47,019 [INFO] CPL: 28.0 | Avg: 15.4 | n=10
2026-03-11 14:42:49,914 [INFO] Stockfish depth 20: c8b7
2026-03-11 14:42:50,650 [INFO] HTTP Request: POST https://lichess.org/api/bot/game/WZrBkXbZ/move/c8b7 "HTTP/1.1 200 OK"
2026-03-11 14:42:50,651 [INFO] Sent: c8b7
2026-03-11 14:42:52,311 [INFO] CPL: 31.0 | Avg: 16.8 | n=11
2026-03-11 14:42:53,813 [INFO] Stockfish depth 20: f7f5
2026-03-11 14:42:54,014 [INFO] HTTP Request: POST https://lichess.org/api/bot/game/WZrBkXbZ/move/f7f5 "HTTP/1.1 200 OK"
2026-03-11 14:42:54,016 [INFO] Sent: f7f5
2026-03-11 14:42:58,994 [INFO] CPL: 296.0 | Avg: 40.1 | n=12
2026-03-11 14:42:59,029 [INFO] Stockfish depth 14: c6b5
2026-03-11 14:42:59,539 [INFO] HTTP Request: POST https://lichess.org/api/bot/game/WZrBkXbZ/move/c6b5 "HTTP/1.1 200 OK"
2026-03-11 14:42:59,540 [INFO] Sent: c6b5
2026-03-11 14:43:01,676 [INFO] CPL: 9433.0 | Avg: 762.6 | n=13
2026-03-11 14:43:01,683 [INFO] Stockfish depth 5: b7e4
2026-03-11 14:43:01,869 [INFO] HTTP Request: POST https://lichess.org/api/bot/game/WZrBkXbZ/move/b7e4 "HTTP/1.1 200 OK"
2026-03-11 14:43:01,870 [INFO] Sent: b7e4
2026-03-11 14:43:03,613 [INFO] CPL: 0.0 | Avg: 708.1 | n=14
2026-03-11 14:43:03,623 [INFO] Stockfish depth 5: e4d3
2026-03-11 14:43:03,791 [INFO] HTTP Request: POST https://lichess.org/api/bot/game/WZrBkXbZ/move/e4d3 "HTTP/1.1 200 OK"
2026-03-11 14:43:03,792 [INFO] Sent: e4d3
2026-03-11 14:43:03,795 [INFO] Game finished: WZrBkXbZ | Active: 0
2026-03-20 18:10:55,272 [INFO] HTTP Request: GET https://lichess.org/api/account "HTTP/1.1 200 OK"
2026-03-20 18:10:55,275 [INFO] Logged in as: Inappropriate_BOT
2026-03-20 18:10:55,277 [INFO] StopBlunderingInOpeningsYouIdiot is ONLINE
2026-03-20 18:10:55,278 [INFO] Listening for events...
2026-03-20 18:10:56,234 [INFO] HTTP Request: GET https://lichess.org/api/stream/event "HTTP/1.1 200 OK"
2026-03-20 18:10:56,235 [INFO] Game starting: MnDd2yRV
2026-03-20 18:10:56,593 [ERROR] Game MnDd2yRV error: [WinError 2] The system cannot find the file specified
Traceback (most recent call last):
  File "C:\Users\Aarav\OneDrive\Documents\Codes\pythonCodes\Chess\Lichess Bot\bot.py", line 109, in _run_game
    await GameHandler(game_id, self.token).run()
  File "C:\Users\Aarav\OneDrive\Documents\Codes\pythonCodes\Chess\Lichess Bot\game_handler.py", line 31, in run
    await self._start_engine()
  File "C:\Users\Aarav\OneDrive\Documents\Codes\pythonCodes\Chess\Lichess Bot\game_handler.py", line 165, in _start_engine
    self.engine = await loop.run_in_executor(
                  ^^^^^^^^^^^^^^^^^^^^^^^^^^^
  File "C:\Users\Aarav\AppData\Local\Programs\Python\Python311\Lib\concurrent\futures\thread.py", line 58, in run
    result = self.fn(*self.args, **self.kwargs)
             ^^^^^^^^^^^^^^^^^^^^^^^^^^^^^^^^^^
  File "C:\Users\Aarav\OneDrive\Documents\Codes\pythonCodes\Chess\Lichess Bot\game_handler.py", line 166, in <lambda>
    None, lambda: chess.engine.SimpleEngine.popen_uci(Config.STOCKFISH_PATH)
                  ^^^^^^^^^^^^^^^^^^^^^^^^^^^^^^^^^^^^^^^^^^^^^^^^^^^^^^^^^^
  File "C:\Users\Aarav\AppData\Local\Programs\Python\Python311\Lib\site-packages\chess\engine.py", line 3052, in popen_uci
    return cls.popen(UciProtocol, command, timeout=timeout, debug=debug, setpgrp=setpgrp, **popen_args)
           ^^^^^^^^^^^^^^^^^^^^^^^^^^^^^^^^^^^^^^^^^^^^^^^^^^^^^^^^^^^^^^^^^^^^^^^^^^^^^^^^^^^^^^^^^^^^
  File "C:\Users\Aarav\AppData\Local\Programs\Python\Python311\Lib\site-packages\chess\engine.py", line 3044, in popen
    return run_in_background(background, name=f"{cls.__name__} (command={command!r})", debug=debug)
           ^^^^^^^^^^^^^^^^^^^^^^^^^^^^^^^^^^^^^^^^^^^^^^^^^^^^^^^^^^^^^^^^^^^^^^^^^^^^^^^^^^^^^^^^
  File "C:\Users\Aarav\AppData\Local\Programs\Python\Python311\Lib\site-packages\chess\engine.py", line 77, in run_in_background
    return future.result()
           ^^^^^^^^^^^^^^^
  File "C:\Users\Aarav\AppData\Local\Programs\Python\Python311\Lib\concurrent\futures\_base.py", line 456, in result
    return self.__get_result()
           ^^^^^^^^^^^^^^^^^^^
  File "C:\Users\Aarav\AppData\Local\Programs\Python\Python311\Lib\concurrent\futures\_base.py", line 401, in __get_result
    raise self._exception
  File "C:\Users\Aarav\AppData\Local\Programs\Python\Python311\Lib\site-packages\chess\engine.py", line 71, in background
    asyncio.run(coroutine(future), debug=debug)
  File "C:\Users\Aarav\AppData\Local\Programs\Python\Python311\Lib\asyncio\runners.py", line 190, in run
    return runner.run(main)
           ^^^^^^^^^^^^^^^^
  File "C:\Users\Aarav\AppData\Local\Programs\Python\Python311\Lib\asyncio\runners.py", line 118, in run
    return self._loop.run_until_complete(task)
           ^^^^^^^^^^^^^^^^^^^^^^^^^^^^^^^^^^^
  File "C:\Users\Aarav\AppData\Local\Programs\Python\Python311\Lib\asyncio\base_events.py", line 654, in run_until_complete
    return future.result()
           ^^^^^^^^^^^^^^^
  File "C:\Users\Aarav\AppData\Local\Programs\Python\Python311\Lib\site-packages\chess\engine.py", line 3032, in background
    transport, protocol = await Protocol.popen(command, setpgrp=setpgrp, **popen_args)
                          ^^^^^^^^^^^^^^^^^^^^^^^^^^^^^^^^^^^^^^^^^^^^^^^^^^^^^^^^^^^^
  File "C:\Users\Aarav\AppData\Local\Programs\Python\Python311\Lib\site-packages\chess\engine.py", line 1212, in popen
    return await asyncio.get_running_loop().subprocess_exec(cls, *command, **popen_args)
           ^^^^^^^^^^^^^^^^^^^^^^^^^^^^^^^^^^^^^^^^^^^^^^^^^^^^^^^^^^^^^^^^^^^^^^^^^^^^^
  File "C:\Users\Aarav\AppData\Local\Programs\Python\Python311\Lib\asyncio\base_events.py", line 1708, in subprocess_exec
    transport = await self._make_subprocess_transport(
                ^^^^^^^^^^^^^^^^^^^^^^^^^^^^^^^^^^^^^^
  File "C:\Users\Aarav\AppData\Local\Programs\Python\Python311\Lib\asyncio\windows_events.py", line 399, in _make_subprocess_transport
    transp = _WindowsSubprocessTransport(self, protocol, args, shell,
             ^^^^^^^^^^^^^^^^^^^^^^^^^^^^^^^^^^^^^^^^^^^^^^^^^^^^^^^^
  File "C:\Users\Aarav\AppData\Local\Programs\Python\Python311\Lib\asyncio\base_subprocess.py", line 36, in __init__
    self._start(args=args, shell=shell, stdin=stdin, stdout=stdout,
  File "C:\Users\Aarav\AppData\Local\Programs\Python\Python311\Lib\asyncio\windows_events.py", line 929, in _start
    self._proc = windows_utils.Popen(
                 ^^^^^^^^^^^^^^^^^^^^
  File "C:\Users\Aarav\AppData\Local\Programs\Python\Python311\Lib\asyncio\windows_utils.py", line 153, in __init__
    super().__init__(args, stdin=stdin_rfd, stdout=stdout_wfd,
  File "C:\Users\Aarav\AppData\Local\Programs\Python\Python311\Lib\subprocess.py", line 1026, in __init__
    self._execute_child(args, executable, preexec_fn, close_fds,
  File "C:\Users\Aarav\AppData\Local\Programs\Python\Python311\Lib\subprocess.py", line 1538, in _execute_child
    hp, ht, pid, tid = _winapi.CreateProcess(executable, args,
                       ^^^^^^^^^^^^^^^^^^^^^^^^^^^^^^^^^^^^^^^
FileNotFoundError: [WinError 2] The system cannot find the file specified
2026-03-20 18:12:49,872 [INFO] HTTP Request: GET https://lichess.org/api/account "HTTP/1.1 200 OK"
2026-03-20 18:12:49,876 [INFO] Logged in as: Inappropriate_BOT
2026-03-20 18:12:49,877 [INFO] StopBlunderingInOpeningsYouIdiot is ONLINE
2026-03-20 18:12:49,878 [INFO] Listening for events...
2026-03-20 18:12:50,803 [INFO] HTTP Request: GET https://lichess.org/api/stream/event "HTTP/1.1 200 OK"
2026-03-20 18:12:50,804 [INFO] Game starting: MnDd2yRV
2026-03-20 18:12:51,458 [ERROR] Game MnDd2yRV error: [WinError 2] The system cannot find the file specified
Traceback (most recent call last):
  File "C:\Users\Aarav\OneDrive\Documents\Codes\pythonCodes\Chess\Lichess Bot\bot.py", line 109, in _run_game
    await GameHandler(game_id, self.token).run()
  File "C:\Users\Aarav\OneDrive\Documents\Codes\pythonCodes\Chess\Lichess Bot\game_handler.py", line 31, in run
    await self._start_engine()
  File "C:\Users\Aarav\OneDrive\Documents\Codes\pythonCodes\Chess\Lichess Bot\game_handler.py", line 165, in _start_engine
    self.engine = await loop.run_in_executor(
                  ^^^^^^^^^^^^^^^^^^^^^^^^^^^
  File "C:\Users\Aarav\AppData\Local\Programs\Python\Python311\Lib\concurrent\futures\thread.py", line 58, in run
    result = self.fn(*self.args, **self.kwargs)
             ^^^^^^^^^^^^^^^^^^^^^^^^^^^^^^^^^^
  File "C:\Users\Aarav\OneDrive\Documents\Codes\pythonCodes\Chess\Lichess Bot\game_handler.py", line 166, in <lambda>
    None, lambda: chess.engine.SimpleEngine.popen_uci(Config.STOCKFISH_PATH)
                  ^^^^^^^^^^^^^^^^^^^^^^^^^^^^^^^^^^^^^^^^^^^^^^^^^^^^^^^^^^
  File "C:\Users\Aarav\AppData\Local\Programs\Python\Python311\Lib\site-packages\chess\engine.py", line 3052, in popen_uci
    return cls.popen(UciProtocol, command, timeout=timeout, debug=debug, setpgrp=setpgrp, **popen_args)
           ^^^^^^^^^^^^^^^^^^^^^^^^^^^^^^^^^^^^^^^^^^^^^^^^^^^^^^^^^^^^^^^^^^^^^^^^^^^^^^^^^^^^^^^^^^^^
  File "C:\Users\Aarav\AppData\Local\Programs\Python\Python311\Lib\site-packages\chess\engine.py", line 3044, in popen
    return run_in_background(background, name=f"{cls.__name__} (command={command!r})", debug=debug)
           ^^^^^^^^^^^^^^^^^^^^^^^^^^^^^^^^^^^^^^^^^^^^^^^^^^^^^^^^^^^^^^^^^^^^^^^^^^^^^^^^^^^^^^^^
  File "C:\Users\Aarav\AppData\Local\Programs\Python\Python311\Lib\site-packages\chess\engine.py", line 77, in run_in_background
    return future.result()
           ^^^^^^^^^^^^^^^
  File "C:\Users\Aarav\AppData\Local\Programs\Python\Python311\Lib\concurrent\futures\_base.py", line 456, in result
    return self.__get_result()
           ^^^^^^^^^^^^^^^^^^^
  File "C:\Users\Aarav\AppData\Local\Programs\Python\Python311\Lib\concurrent\futures\_base.py", line 401, in __get_result
    raise self._exception
  File "C:\Users\Aarav\AppData\Local\Programs\Python\Python311\Lib\site-packages\chess\engine.py", line 71, in background
    asyncio.run(coroutine(future), debug=debug)
  File "C:\Users\Aarav\AppData\Local\Programs\Python\Python311\Lib\asyncio\runners.py", line 190, in run
    return runner.run(main)
           ^^^^^^^^^^^^^^^^
  File "C:\Users\Aarav\AppData\Local\Programs\Python\Python311\Lib\asyncio\runners.py", line 118, in run
    return self._loop.run_until_complete(task)
           ^^^^^^^^^^^^^^^^^^^^^^^^^^^^^^^^^^^
  File "C:\Users\Aarav\AppData\Local\Programs\Python\Python311\Lib\asyncio\base_events.py", line 654, in run_until_complete
    return future.result()
           ^^^^^^^^^^^^^^^
  File "C:\Users\Aarav\AppData\Local\Programs\Python\Python311\Lib\site-packages\chess\engine.py", line 3032, in background
    transport, protocol = await Protocol.popen(command, setpgrp=setpgrp, **popen_args)
                          ^^^^^^^^^^^^^^^^^^^^^^^^^^^^^^^^^^^^^^^^^^^^^^^^^^^^^^^^^^^^
  File "C:\Users\Aarav\AppData\Local\Programs\Python\Python311\Lib\site-packages\chess\engine.py", line 1212, in popen
    return await asyncio.get_running_loop().subprocess_exec(cls, *command, **popen_args)
           ^^^^^^^^^^^^^^^^^^^^^^^^^^^^^^^^^^^^^^^^^^^^^^^^^^^^^^^^^^^^^^^^^^^^^^^^^^^^^
  File "C:\Users\Aarav\AppData\Local\Programs\Python\Python311\Lib\asyncio\base_events.py", line 1708, in subprocess_exec
    transport = await self._make_subprocess_transport(
                ^^^^^^^^^^^^^^^^^^^^^^^^^^^^^^^^^^^^^^
  File "C:\Users\Aarav\AppData\Local\Programs\Python\Python311\Lib\asyncio\windows_events.py", line 399, in _make_subprocess_transport
    transp = _WindowsSubprocessTransport(self, protocol, args, shell,
             ^^^^^^^^^^^^^^^^^^^^^^^^^^^^^^^^^^^^^^^^^^^^^^^^^^^^^^^^
  File "C:\Users\Aarav\AppData\Local\Programs\Python\Python311\Lib\asyncio\base_subprocess.py", line 36, in __init__
    self._start(args=args, shell=shell, stdin=stdin, stdout=stdout,
  File "C:\Users\Aarav\AppData\Local\Programs\Python\Python311\Lib\asyncio\windows_events.py", line 929, in _start
    self._proc = windows_utils.Popen(
                 ^^^^^^^^^^^^^^^^^^^^
  File "C:\Users\Aarav\AppData\Local\Programs\Python\Python311\Lib\asyncio\windows_utils.py", line 153, in __init__
    super().__init__(args, stdin=stdin_rfd, stdout=stdout_wfd,
  File "C:\Users\Aarav\AppData\Local\Programs\Python\Python311\Lib\subprocess.py", line 1026, in __init__
    self._execute_child(args, executable, preexec_fn, close_fds,
  File "C:\Users\Aarav\AppData\Local\Programs\Python\Python311\Lib\subprocess.py", line 1538, in _execute_child
    hp, ht, pid, tid = _winapi.CreateProcess(executable, args,
                       ^^^^^^^^^^^^^^^^^^^^^^^^^^^^^^^^^^^^^^^
FileNotFoundError: [WinError 2] The system cannot find the file specified
2026-03-20 18:17:34,757 [INFO] Bot stopped. GG.
2026-03-20 18:17:47,924 [INFO] HTTP Request: GET https://lichess.org/api/account "HTTP/1.1 200 OK"
2026-03-20 18:17:47,926 [INFO] Logged in as: Inappropriate_BOT
2026-03-20 18:17:47,927 [INFO] StopBlunderingInOpeningsYouIdiot is ONLINE
2026-03-20 18:17:47,927 [INFO] Listening for events...
2026-03-20 18:17:48,921 [INFO] HTTP Request: GET https://lichess.org/api/stream/event "HTTP/1.1 200 OK"
2026-03-20 18:17:48,921 [INFO] Game starting: MnDd2yRV
2026-03-20 18:17:50,901 [INFO] Engine started
2026-03-20 18:17:51,440 [INFO] HTTP Request: GET https://lichess.org/api/bot/game/stream/MnDd2yRV "HTTP/1.1 200 OK"
2026-03-20 18:17:51,488 [ERROR] Game MnDd2yRV error: 'GameHandler' object has no attribute '_handle_game_event'
Traceback (most recent call last):
  File "C:\Users\Aarav\OneDrive\Documents\Codes\pythonCodes\Chess\Lichess Bot\bot.py", line 109, in _run_game
    await GameHandler(game_id, self.token).run()
  File "C:\Users\Aarav\OneDrive\Documents\Codes\pythonCodes\Chess\Lichess Bot\game_handler.py", line 37, in run
    await self._handle_game_event(event)
          ^^^^^^^^^^^^^^^^^^^^^^^
AttributeError: 'GameHandler' object has no attribute '_handle_game_event'
2026-03-20 18:19:34,354 [INFO] Bot stopped. GG.
2026-03-20 18:19:38,280 [INFO] HTTP Request: GET https://lichess.org/api/account "HTTP/1.1 200 OK"
2026-03-20 18:19:38,282 [INFO] Logged in as: Inappropriate_BOT
2026-03-20 18:19:38,283 [INFO] StopBlunderingInOpeningsYouIdiot is ONLINE
2026-03-20 18:19:38,284 [INFO] Listening for events...
2026-03-20 18:19:39,186 [INFO] HTTP Request: GET https://lichess.org/api/stream/event "HTTP/1.1 200 OK"
2026-03-20 18:19:39,187 [INFO] Game starting: MnDd2yRV
2026-03-20 18:19:40,654 [INFO] Engine started
2026-03-20 18:19:41,143 [INFO] HTTP Request: GET https://lichess.org/api/bot/game/stream/MnDd2yRV "HTTP/1.1 200 OK"
2026-03-20 18:19:41,625 [INFO] HTTP Request: GET https://lichess.org/api/account "HTTP/1.1 200 OK"
2026-03-20 18:19:41,628 [INFO] Playing as White
2026-03-20 18:19:41,791 [INFO] HTTP Request: POST https://lichess.org/api/bot/game/MnDd2yRV/chat "HTTP/1.1 200 OK"
2026-03-20 18:19:41,799 [INFO] Out of book
2026-03-20 18:19:41,958 [INFO] HTTP Request: POST https://lichess.org/api/bot/game/MnDd2yRV/chat "HTTP/1.1 200 OK"
2026-03-20 18:19:41,995 [INFO] Stockfish depth 12: d2d4
2026-03-20 18:19:42,722 [INFO] HTTP Request: POST https://lichess.org/api/bot/game/MnDd2yRV/move/d2d4 "HTTP/1.1 200 OK"
2026-03-20 18:19:42,724 [INFO] Sent: d2d4
2026-03-20 18:19:45,230 [INFO] CPL: 18.0 | Avg: 18.0 | n=1
2026-03-20 18:19:45,251 [INFO] Stockfish depth 12: e1g1
2026-03-20 18:19:45,952 [INFO] HTTP Request: POST https://lichess.org/api/bot/game/MnDd2yRV/move/e1g1 "HTTP/1.1 200 OK"
2026-03-20 18:19:45,954 [INFO] Sent: e1g1
2026-03-20 18:19:50,247 [INFO] CPL: 0.0 | Avg: 9.0 | n=2
2026-03-20 18:19:50,254 [INFO] Stockfish depth 12: c3d1
2026-03-20 18:19:51,053 [INFO] HTTP Request: POST https://lichess.org/api/bot/game/MnDd2yRV/move/c3d1 "HTTP/1.1 200 OK"
2026-03-20 18:19:51,056 [INFO] Sent: c3d1
2026-03-20 18:19:54,849 [INFO] CPL: 0.0 | Avg: 6.0 | n=3
2026-03-20 18:19:58,933 [INFO] Stockfish depth 22: c2c3
2026-03-20 18:20:00,179 [INFO] HTTP Request: POST https://lichess.org/api/bot/game/MnDd2yRV/move/c2c3 "HTTP/1.1 200 OK"
2026-03-20 18:20:00,182 [INFO] Sent: c2c3
2026-03-20 18:20:02,200 [INFO] CPL: 23.0 | Avg: 10.2 | n=4
2026-03-20 18:20:05,584 [INFO] Stockfish depth 22: e2d3
2026-03-20 18:20:07,695 [INFO] HTTP Request: POST https://lichess.org/api/bot/game/MnDd2yRV/move/e2d3 "HTTP/1.1 200 OK"
2026-03-20 18:20:07,696 [INFO] Sent: e2d3
2026-03-20 18:20:09,658 [INFO] CPL: 18.0 | Avg: 11.8 | n=5
2026-03-20 18:20:33,928 [INFO] Stockfish depth 22: d3f5
2026-03-20 18:20:35,154 [INFO] HTTP Request: POST https://lichess.org/api/bot/game/MnDd2yRV/move/d3f5 "HTTP/1.1 200 OK"
2026-03-20 18:20:35,167 [INFO] Sent: d3f5
2026-03-20 18:20:37,388 [INFO] CPL: 208.0 | Avg: 44.5 | n=6
2026-03-20 18:20:37,452 [INFO] Stockfish depth 14: d4e5
2026-03-20 18:20:38,194 [INFO] HTTP Request: POST https://lichess.org/api/bot/game/MnDd2yRV/move/d4e5 "HTTP/1.1 200 OK"
2026-03-20 18:20:38,194 [INFO] Sent: d4e5
2026-03-20 18:20:40,259 [INFO] CPL: 6.0 | Avg: 39.0 | n=7
2026-03-20 18:20:41,104 [INFO] Stockfish depth 17: f5c2
2026-03-20 18:20:41,809 [INFO] HTTP Request: POST https://lichess.org/api/bot/game/MnDd2yRV/move/f5c2 "HTTP/1.1 200 OK"
2026-03-20 18:20:41,810 [INFO] Sent: f5c2
2026-03-20 18:20:44,663 [INFO] CPL: 8.0 | Avg: 35.1 | n=8
2026-03-20 18:20:45,168 [INFO] Stockfish depth 17: g2g3
2026-03-20 18:20:45,937 [INFO] HTTP Request: POST https://lichess.org/api/bot/game/MnDd2yRV/move/g2g3 "HTTP/1.1 200 OK"
2026-03-20 18:20:45,937 [INFO] Sent: g2g3
2026-03-20 18:20:50,200 [INFO] CPL: 50.0 | Avg: 36.8 | n=9
2026-03-20 18:20:50,693 [INFO] Stockfish depth 17: d1e3
2026-03-20 18:20:51,471 [INFO] HTTP Request: POST https://lichess.org/api/bot/game/MnDd2yRV/move/d1e3 "HTTP/1.1 200 OK"
2026-03-20 18:20:51,471 [INFO] Sent: d1e3
2026-03-20 18:20:55,855 [INFO] CPL: 25.0 | Avg: 35.6 | n=10
2026-03-20 18:20:57,116 [INFO] Stockfish depth 17: e3f5
2026-03-20 18:20:58,371 [INFO] HTTP Request: POST https://lichess.org/api/bot/game/MnDd2yRV/move/e3f5 "HTTP/1.1 200 OK"
2026-03-20 18:20:58,373 [INFO] Sent: e3f5
2026-03-20 18:21:00,142 [INFO] CPL: 0.0 | Avg: 32.4 | n=11
2026-03-20 18:21:00,500 [INFO] Stockfish depth 17: f3e2
2026-03-20 18:21:01,400 [INFO] HTTP Request: POST https://lichess.org/api/bot/game/MnDd2yRV/move/f3e2 "HTTP/1.1 200 OK"
2026-03-20 18:21:01,401 [INFO] Sent: f3e2
2026-03-20 18:21:03,890 [INFO] CPL: 8.0 | Avg: 30.3 | n=12
2026-03-20 18:21:04,127 [INFO] Stockfish depth 17: f5d4
2026-03-20 18:21:04,828 [INFO] HTTP Request: POST https://lichess.org/api/bot/game/MnDd2yRV/move/f5d4 "HTTP/1.1 200 OK"
2026-03-20 18:21:04,830 [INFO] Sent: f5d4
2026-03-20 18:21:08,806 [INFO] CPL: 0.0 | Avg: 28.0 | n=13
2026-03-20 18:21:09,152 [INFO] Stockfish depth 17: d4f3
2026-03-20 18:21:09,868 [INFO] HTTP Request: POST https://lichess.org/api/bot/game/MnDd2yRV/move/d4f3 "HTTP/1.1 200 OK"
2026-03-20 18:21:09,870 [INFO] Sent: d4f3
2026-03-20 18:21:11,931 [INFO] CPL: 0.0 | Avg: 26.0 | n=14
2026-03-20 18:21:12,159 [INFO] Stockfish depth 17: f3d4
2026-03-20 18:21:12,870 [INFO] HTTP Request: POST https://lichess.org/api/bot/game/MnDd2yRV/move/f3d4 "HTTP/1.1 200 OK"
2026-03-20 18:21:12,873 [INFO] Sent: f3d4
2026-03-20 18:21:14,723 [INFO] CPL: 38.0 | Avg: 26.8 | n=15
2026-03-20 18:21:15,089 [INFO] Stockfish depth 17: d4c2
2026-03-20 18:21:15,920 [INFO] HTTP Request: POST https://lichess.org/api/bot/game/MnDd2yRV/move/d4c2 "HTTP/1.1 200 OK"
2026-03-20 18:21:15,922 [INFO] Sent: d4c2
2026-03-20 18:21:19,649 [INFO] CPL: 15.0 | Avg: 26.1 | n=16
2026-03-20 18:21:20,017 [INFO] Stockfish depth 17: c2d4
2026-03-20 18:21:20,748 [INFO] HTTP Request: POST https://lichess.org/api/bot/game/MnDd2yRV/move/c2d4 "HTTP/1.1 200 OK"
2026-03-20 18:21:20,750 [INFO] Sent: c2d4
2026-03-20 18:21:22,719 [INFO] CPL: 37.0 | Avg: 26.7 | n=17
2026-03-20 18:21:23,362 [INFO] Stockfish depth 17: f1e1
2026-03-20 18:21:24,098 [INFO] HTTP Request: POST https://lichess.org/api/bot/game/MnDd2yRV/move/f1e1 "HTTP/1.1 200 OK"
2026-03-20 18:21:24,122 [INFO] Sent: f1e1
2026-03-20 18:21:27,210 [INFO] CPL: 3.0 | Avg: 25.4 | n=18
2026-03-20 18:21:28,141 [INFO] Stockfish depth 17: h2h4
2026-03-20 18:21:28,870 [INFO] HTTP Request: POST https://lichess.org/api/bot/game/MnDd2yRV/move/h2h4 "HTTP/1.1 200 OK"
2026-03-20 18:21:28,876 [INFO] Sent: h2h4
2026-03-20 18:21:31,648 [INFO] CPL: 18.0 | Avg: 25.0 | n=19
2026-03-20 18:21:34,607 [INFO] Stockfish depth 20: c1e3
2026-03-20 18:21:35,691 [INFO] HTTP Request: POST https://lichess.org/api/bot/game/MnDd2yRV/move/c1e3 "HTTP/1.1 200 OK"
2026-03-20 18:21:35,695 [INFO] Sent: c1e3
2026-03-20 18:21:39,010 [INFO] CPL: 21.0 | Avg: 24.8 | n=20
2026-03-20 18:21:42,083 [INFO] Stockfish depth 20: d4f3
2026-03-20 18:21:43,806 [INFO] HTTP Request: POST https://lichess.org/api/bot/game/MnDd2yRV/move/d4f3 "HTTP/1.1 200 OK"
2026-03-20 18:21:43,827 [INFO] Sent: d4f3
2026-03-20 18:21:46,857 [INFO] CPL: 0.0 | Avg: 23.6 | n=21
2026-03-20 18:21:47,967 [INFO] Stockfish depth 20: f3g5
2026-03-20 18:21:48,678 [INFO] HTTP Request: POST https://lichess.org/api/bot/game/MnDd2yRV/move/f3g5 "HTTP/1.1 200 OK"
2026-03-20 18:21:48,682 [INFO] Sent: f3g5
2026-03-20 18:21:50,649 [INFO] CPL: 62.0 | Avg: 25.4 | n=22
2026-03-20 18:21:50,902 [INFO] Stockfish depth 17: e3c5
2026-03-20 18:21:51,649 [INFO] HTTP Request: POST https://lichess.org/api/bot/game/MnDd2yRV/move/e3c5 "HTTP/1.1 200 OK"
2026-03-20 18:21:51,651 [INFO] Sent: e3c5
2026-03-20 18:21:55,028 [INFO] CPL: 0.0 | Avg: 24.3 | n=23
2026-03-20 18:21:57,128 [INFO] Challenge: World_Champppppppppp | standard | correspondence | rated=False
2026-03-20 18:21:58,643 [INFO] HTTP Request: POST https://lichess.org/api/challenge/vXfVk8Sz/decline "HTTP/1.1 200 OK"
2026-03-20 18:21:59,141 [INFO] Stockfish depth 20: g5e4
2026-03-20 18:22:00,232 [INFO] HTTP Request: POST https://lichess.org/api/bot/game/MnDd2yRV/move/g5e4 "HTTP/1.1 200 OK"
2026-03-20 18:22:00,234 [INFO] Sent: g5e4
2026-03-20 18:22:03,621 [INFO] CPL: 135.0 | Avg: 28.9 | n=24
2026-03-20 18:22:03,821 [INFO] Stockfish depth 17: e4f6
2026-03-20 18:22:04,602 [INFO] HTTP Request: POST https://lichess.org/api/bot/game/MnDd2yRV/move/e4f6 "HTTP/1.1 200 OK"
2026-03-20 18:22:04,604 [INFO] Sent: e4f6
2026-03-20 18:22:06,645 [INFO] CPL: 10.0 | Avg: 28.1 | n=25
2026-03-20 18:22:06,742 [INFO] Stockfish depth 17: e1e8
2026-03-20 18:22:07,932 [INFO] HTTP Request: POST https://lichess.org/api/bot/game/MnDd2yRV/move/e1e8 "HTTP/1.1 200 OK"
2026-03-20 18:22:07,934 [INFO] Sent: e1e8
2026-03-20 18:22:10,533 [INFO] CPL: 23.0 | Avg: 27.9 | n=26
2026-03-20 18:22:11,033 [INFO] Stockfish depth 17: e8e7
2026-03-20 18:22:11,734 [INFO] HTTP Request: POST https://lichess.org/api/bot/game/MnDd2yRV/move/e8e7 "HTTP/1.1 200 OK"
2026-03-20 18:22:11,736 [INFO] Sent: e8e7
2026-03-20 18:22:13,094 [INFO] CPL: 19.0 | Avg: 27.6 | n=27
2026-03-20 18:22:13,205 [INFO] Stockfish depth 17: e7b7
2026-03-20 18:22:13,935 [INFO] HTTP Request: POST https://lichess.org/api/bot/game/MnDd2yRV/move/e7b7 "HTTP/1.1 200 OK"
2026-03-20 18:22:13,936 [INFO] Sent: e7b7
2026-03-20 18:22:15,526 [INFO] CPL: 13.0 | Avg: 27.1 | n=28
2026-03-20 18:22:15,583 [INFO] Stockfish depth 17: a1d1
2026-03-20 18:22:16,292 [INFO] HTTP Request: POST https://lichess.org/api/bot/game/MnDd2yRV/move/a1d1 "HTTP/1.1 200 OK"
2026-03-20 18:22:16,296 [INFO] Sent: a1d1
2026-03-20 18:22:18,332 [INFO] CPL: 20.0 | Avg: 26.8 | n=29
2026-03-20 18:22:18,473 [INFO] Stockfish depth 17: d1d5
2026-03-20 18:22:19,202 [INFO] HTTP Request: POST https://lichess.org/api/bot/game/MnDd2yRV/move/d1d5 "HTTP/1.1 200 OK"
2026-03-20 18:22:19,204 [INFO] Sent: d1d5
2026-03-20 18:22:21,438 [INFO] CPL: 63.0 | Avg: 28.0 | n=30
2026-03-20 18:22:21,464 [INFO] Stockfish depth 17: b2a3
2026-03-20 18:22:22,153 [INFO] HTTP Request: POST https://lichess.org/api/bot/game/MnDd2yRV/move/b2a3 "HTTP/1.1 200 OK"
2026-03-20 18:22:22,155 [INFO] Sent: b2a3
2026-03-20 18:22:24,812 [INFO] CPL: 0.0 | Avg: 27.1 | n=31
2026-03-20 18:22:24,825 [INFO] Stockfish depth 17: d5d6
2026-03-20 18:22:25,563 [INFO] HTTP Request: POST https://lichess.org/api/bot/game/MnDd2yRV/move/d5d6 "HTTP/1.1 200 OK"
2026-03-20 18:22:25,565 [INFO] Sent: d5d6
2026-03-20 18:22:26,677 [INFO] CPL: 0.0 | Avg: 26.3 | n=32
2026-03-20 18:22:26,683 [INFO] Stockfish depth 17: b7f7
2026-03-20 18:22:27,373 [INFO] HTTP Request: POST https://lichess.org/api/bot/game/MnDd2yRV/move/b7f7 "HTTP/1.1 200 OK"
2026-03-20 18:22:27,375 [INFO] Sent: b7f7
2026-03-20 18:22:28,295 [INFO] Challenge: World_Champppppppppp | standard | blitz | rated=False
2026-03-20 18:22:29,621 [INFO] HTTP Request: POST https://lichess.org/api/challenge/EIYunXii/accept "HTTP/1.1 200 OK"
2026-03-20 18:22:29,624 [INFO] Accepted: World_Champppppppppp
2026-03-20 18:22:29,626 [INFO] Game starting: EIYunXii
2026-03-20 18:22:30,153 [INFO] CPL: 0.0 | Avg: 25.5 | n=33
2026-03-20 18:22:30,194 [INFO] Stockfish depth 17: f7a7
2026-03-20 18:22:30,902 [INFO] HTTP Request: POST https://lichess.org/api/bot/game/MnDd2yRV/move/f7a7 "HTTP/1.1 200 OK"
2026-03-20 18:22:30,906 [INFO] Sent: f7a7
2026-03-20 18:22:33,235 [ERROR] Game MnDd2yRV error: 
Traceback (most recent call last):
  File "C:\Users\Aarav\AppData\Local\Programs\Python\Python311\Lib\site-packages\httpx\_transports\default.py", line 101, in map_httpcore_exceptions
    yield
  File "C:\Users\Aarav\AppData\Local\Programs\Python\Python311\Lib\site-packages\httpx\_transports\default.py", line 271, in __aiter__
    async for part in self._httpcore_stream:
  File "C:\Users\Aarav\AppData\Local\Programs\Python\Python311\Lib\site-packages\httpcore\_async\connection_pool.py", line 407, in __aiter__
    raise exc from None
  File "C:\Users\Aarav\AppData\Local\Programs\Python\Python311\Lib\site-packages\httpcore\_async\connection_pool.py", line 403, in __aiter__
    async for part in self._stream:
  File "C:\Users\Aarav\AppData\Local\Programs\Python\Python311\Lib\site-packages\httpcore\_async\http11.py", line 342, in __aiter__
    raise exc
  File "C:\Users\Aarav\AppData\Local\Programs\Python\Python311\Lib\site-packages\httpcore\_async\http11.py", line 334, in __aiter__
    async for chunk in self._connection._receive_response_body(**kwargs):
  File "C:\Users\Aarav\AppData\Local\Programs\Python\Python311\Lib\site-packages\httpcore\_async\http11.py", line 203, in _receive_response_body
    event = await self._receive_event(timeout=timeout)
            ^^^^^^^^^^^^^^^^^^^^^^^^^^^^^^^^^^^^^^^^^^
  File "C:\Users\Aarav\AppData\Local\Programs\Python\Python311\Lib\site-packages\httpcore\_async\http11.py", line 217, in _receive_event
    data = await self._network_stream.read(
           ^^^^^^^^^^^^^^^^^^^^^^^^^^^^^^^^
  File "C:\Users\Aarav\AppData\Local\Programs\Python\Python311\Lib\site-packages\httpcore\_backends\anyio.py", line 32, in read
    with map_exceptions(exc_map):
  File "C:\Users\Aarav\AppData\Local\Programs\Python\Python311\Lib\contextlib.py", line 158, in __exit__
    self.gen.throw(typ, value, traceback)
  File "C:\Users\Aarav\AppData\Local\Programs\Python\Python311\Lib\site-packages\httpcore\_exceptions.py", line 14, in map_exceptions
    raise to_exc(exc) from exc
httpcore.ReadError

The above exception was the direct cause of the following exception:

Traceback (most recent call last):
  File "C:\Users\Aarav\OneDrive\Documents\Codes\pythonCodes\Chess\Lichess Bot\bot.py", line 109, in _run_game
    await GameHandler(game_id, self.token).run()
  File "C:\Users\Aarav\OneDrive\Documents\Codes\pythonCodes\Chess\Lichess Bot\game_handler.py", line 34, in run
    async for line in resp.aiter_lines():
  File "C:\Users\Aarav\AppData\Local\Programs\Python\Python311\Lib\site-packages\httpx\_models.py", line 1031, in aiter_lines
    async for text in self.aiter_text():
  File "C:\Users\Aarav\AppData\Local\Programs\Python\Python311\Lib\site-packages\httpx\_models.py", line 1018, in aiter_text
    async for byte_content in self.aiter_bytes():
  File "C:\Users\Aarav\AppData\Local\Programs\Python\Python311\Lib\site-packages\httpx\_models.py", line 997, in aiter_bytes
    async for raw_bytes in self.aiter_raw():
  File "C:\Users\Aarav\AppData\Local\Programs\Python\Python311\Lib\site-packages\httpx\_models.py", line 1055, in aiter_raw
    async for raw_stream_bytes in self.stream:
  File "C:\Users\Aarav\AppData\Local\Programs\Python\Python311\Lib\site-packages\httpx\_client.py", line 176, in __aiter__
    async for chunk in self._stream:
  File "C:\Users\Aarav\AppData\Local\Programs\Python\Python311\Lib\site-packages\httpx\_transports\default.py", line 270, in __aiter__
    with map_httpcore_exceptions():
  File "C:\Users\Aarav\AppData\Local\Programs\Python\Python311\Lib\contextlib.py", line 158, in __exit__
    self.gen.throw(typ, value, traceback)
  File "C:\Users\Aarav\AppData\Local\Programs\Python\Python311\Lib\site-packages\httpx\_transports\default.py", line 118, in map_httpcore_exceptions
    raise mapped_exc(message) from exc
httpx.ReadError
2026-03-20 18:22:33,263 [ERROR] Stream dropped:  - retry in 1s
2026-03-20 18:22:33,381 [INFO] Engine started
2026-03-20 18:22:33,861 [INFO] HTTP Request: GET https://lichess.org/api/bot/game/stream/EIYunXii "HTTP/1.1 200 OK"
2026-03-20 18:22:34,739 [INFO] HTTP Request: GET https://lichess.org/api/account "HTTP/1.1 200 OK"
2026-03-20 18:22:34,740 [INFO] Playing as Black
2026-03-20 18:22:34,900 [INFO] HTTP Request: POST https://lichess.org/api/bot/game/EIYunXii/chat "HTTP/1.1 200 OK"
2026-03-20 18:22:35,213 [INFO] HTTP Request: GET https://lichess.org/api/stream/event "HTTP/1.1 200 OK"
2026-03-20 18:22:38,941 [INFO] Book move: e7e6
2026-03-20 18:22:39,100 [INFO] HTTP Request: POST https://lichess.org/api/bot/game/EIYunXii/move/e7e6 "HTTP/1.1 200 OK"
2026-03-20 18:22:39,102 [INFO] Sent: e7e6
2026-03-20 18:22:49,637 [INFO] Book move: d7d5
2026-03-20 18:22:50,131 [INFO] HTTP Request: POST https://lichess.org/api/bot/game/EIYunXii/move/d7d5 "HTTP/1.1 200 OK"
2026-03-20 18:22:50,132 [INFO] Sent: d7d5
2026-03-20 18:23:08,664 [INFO] Book move: c7c5
2026-03-20 18:23:09,171 [INFO] HTTP Request: POST https://lichess.org/api/bot/game/EIYunXii/move/c7c5 "HTTP/1.1 200 OK"
2026-03-20 18:23:09,182 [INFO] Sent: c7c5
2026-03-20 18:23:14,065 [INFO] Out of book
2026-03-20 18:23:14,237 [INFO] HTTP Request: POST https://lichess.org/api/bot/game/EIYunXii/chat "HTTP/1.1 200 OK"
2026-03-20 18:23:14,408 [INFO] Stockfish depth 12: c5d4
2026-03-20 18:23:15,227 [INFO] HTTP Request: POST https://lichess.org/api/bot/game/EIYunXii/move/c5d4 "HTTP/1.1 200 OK"
2026-03-20 18:23:15,231 [INFO] Sent: c5d4
2026-03-20 18:23:18,537 [INFO] HTTP Request: POST https://lichess.org/api/bot/game/EIYunXii/draw/no "HTTP/1.1 200 OK"
2026-03-20 18:23:18,698 [INFO] HTTP Request: POST https://lichess.org/api/bot/game/EIYunXii/chat "HTTP/1.1 200 OK"
2026-03-20 18:23:29,860 [INFO] Game finished: EIYunXii | Active: 1
2026-03-21 14:06:58,300 [INFO] HTTP Request: GET https://lichess.org/api/account "HTTP/1.1 200 OK"
2026-03-21 14:06:58,302 [INFO] Logged in as: Inappropriate_BOT
2026-03-21 14:06:58,302 [INFO] StopBlunderingInOpeningsYouIdiot is ONLINE
2026-03-21 14:06:58,302 [INFO] Listening for events...
2026-03-21 14:06:59,123 [INFO] HTTP Request: GET https://lichess.org/api/stream/event "HTTP/1.1 200 OK"
2026-03-21 14:06:59,125 [INFO] Game starting: MnDd2yRV
2026-03-21 14:07:00,498 [INFO] Engine started
2026-03-21 14:07:00,993 [INFO] HTTP Request: GET https://lichess.org/api/bot/game/stream/MnDd2yRV "HTTP/1.1 200 OK"
2026-03-21 14:07:01,488 [INFO] HTTP Request: GET https://lichess.org/api/account "HTTP/1.1 200 OK"
2026-03-21 14:07:01,488 [INFO] Playing as White
2026-03-21 14:07:01,652 [INFO] HTTP Request: POST https://lichess.org/api/bot/game/MnDd2yRV/chat "HTTP/1.1 200 OK"
2026-03-21 14:07:01,667 [INFO] Out of book
2026-03-21 14:07:01,824 [INFO] HTTP Request: POST https://lichess.org/api/bot/game/MnDd2yRV/chat "HTTP/1.1 200 OK"
2026-03-21 14:07:01,840 [INFO] Stockfish depth 12: d6d8
2026-03-21 14:07:02,576 [INFO] HTTP Request: POST https://lichess.org/api/bot/game/MnDd2yRV/move/d6d8 "HTTP/1.1 200 OK"
2026-03-21 14:07:02,576 [INFO] Game finished: MnDd2yRV | Active: 0
2026-03-21 14:08:25,660 [INFO] Challenge: Study_Master156 | standard | correspondence | rated=False
2026-03-21 14:08:26,570 [INFO] HTTP Request: POST https://lichess.org/api/challenge/gjeDvIYw/decline "HTTP/1.1 200 OK"
2026-03-21 14:08:54,140 [INFO] Challenge: Study_Master156 | standard | blitz | rated=False
2026-03-21 14:08:55,125 [INFO] HTTP Request: POST https://lichess.org/api/challenge/4ARdNEap/accept "HTTP/1.1 200 OK"
2026-03-21 14:08:55,125 [INFO] Accepted: Study_Master156
2026-03-21 14:08:55,125 [INFO] Game starting: 4ARdNEap
2026-03-21 14:08:56,249 [INFO] Engine started
2026-03-21 14:08:56,728 [INFO] HTTP Request: GET https://lichess.org/api/bot/game/stream/4ARdNEap "HTTP/1.1 200 OK"
2026-03-21 14:08:57,233 [INFO] HTTP Request: GET https://lichess.org/api/account "HTTP/1.1 200 OK"
2026-03-21 14:08:57,235 [INFO] Playing as Black
2026-03-21 14:08:57,406 [INFO] HTTP Request: POST https://lichess.org/api/bot/game/4ARdNEap/chat "HTTP/1.1 200 OK"
2026-03-21 14:09:42,006 [INFO] Out of book
2026-03-21 14:09:42,482 [INFO] HTTP Request: POST https://lichess.org/api/bot/game/4ARdNEap/chat "HTTP/1.1 200 OK"
2026-03-21 14:09:42,625 [INFO] Stockfish depth 12: d7d5
2026-03-21 14:09:42,912 [INFO] HTTP Request: POST https://lichess.org/api/bot/game/4ARdNEap/move/d7d5 "HTTP/1.1 200 OK"
2026-03-21 14:09:42,912 [INFO] Sent: d7d5
2026-03-21 14:09:56,748 [INFO] Bot stopped. GG.
2026-03-21 17:34:56,163 [INFO] HTTP Request: GET https://lichess.org/api/account "HTTP/1.1 200 OK"
2026-03-21 17:34:56,163 [INFO] Logged in as: Inappropriate_BOT
2026-03-21 17:34:56,163 [INFO] StopBlunderingInOpeningsYouIdiot is ONLINE
2026-03-21 17:34:56,163 [INFO] Listening for events...
2026-03-21 17:34:57,019 [INFO] HTTP Request: GET https://lichess.org/api/stream/event "HTTP/1.1 200 OK"
2026-03-21 17:35:32,638 [INFO] Challenge: World_Champppppppppp | standard | blitz | rated=False
2026-03-21 17:35:34,110 [INFO] HTTP Request: POST https://lichess.org/api/challenge/lvDz4LWo/accept "HTTP/1.1 200 OK"
2026-03-21 17:35:34,118 [INFO] Accepted: World_Champppppppppp
2026-03-21 17:35:34,118 [INFO] Game starting: lvDz4LWo
2026-03-21 17:35:38,906 [INFO] Engine started
2026-03-21 17:35:39,590 [INFO] HTTP Request: GET https://lichess.org/api/bot/game/stream/lvDz4LWo "HTTP/1.1 200 OK"
2026-03-21 17:35:40,161 [INFO] HTTP Request: GET https://lichess.org/api/account "HTTP/1.1 200 OK"
2026-03-21 17:35:40,161 [INFO] Playing as Black
2026-03-21 17:35:40,349 [INFO] HTTP Request: POST https://lichess.org/api/bot/game/lvDz4LWo/chat "HTTP/1.1 200 OK"
2026-03-21 17:35:40,349 [INFO] Out of book
2026-03-21 17:35:40,568 [INFO] HTTP Request: POST https://lichess.org/api/bot/game/lvDz4LWo/chat "HTTP/1.1 200 OK"
2026-03-21 17:35:40,805 [INFO] Stockfish depth 12: e7e5
2026-03-21 17:35:41,066 [INFO] HTTP Request: POST https://lichess.org/api/bot/game/lvDz4LWo/move/e7e5 "HTTP/1.1 200 OK"
2026-03-21 17:35:41,066 [INFO] Sent: e7e5
2026-03-21 17:35:45,369 [INFO] CPL: 130.0 | Avg: 130.0 | n=1
2026-03-21 17:35:45,403 [INFO] Stockfish depth 12: e5f4
2026-03-21 17:35:45,897 [INFO] HTTP Request: POST https://lichess.org/api/bot/game/lvDz4LWo/move/e5f4 "HTTP/1.1 200 OK"
2026-03-21 17:35:45,900 [INFO] Sent: e5f4
2026-03-21 17:35:50,628 [INFO] CPL: 0.0 | Avg: 65.0 | n=2
2026-03-21 17:35:50,635 [INFO] Stockfish depth 12: g8f6
2026-03-21 17:35:51,419 [INFO] HTTP Request: POST https://lichess.org/api/bot/game/lvDz4LWo/move/g8f6 "HTTP/1.1 200 OK"
2026-03-21 17:35:51,419 [INFO] Sent: g8f6
2026-03-21 17:35:53,381 [INFO] HTTP Request: POST https://lichess.org/api/bot/game/lvDz4LWo/draw/no "HTTP/1.1 200 OK"
2026-03-21 17:35:53,553 [INFO] HTTP Request: POST https://lichess.org/api/bot/game/lvDz4LWo/chat "HTTP/1.1 200 OK"
2026-03-21 17:35:58,337 [INFO] CPL: 123.0 | Avg: 84.3 | n=3
2026-03-21 17:35:58,337 [INFO] Avg CPL=84.3 -> depth 11
2026-03-21 17:35:58,362 [INFO] Stockfish depth 11: d7d5
2026-03-21 17:35:59,051 [INFO] HTTP Request: POST https://lichess.org/api/bot/game/lvDz4LWo/move/d7d5 "HTTP/1.1 200 OK"
2026-03-21 17:35:59,051 [INFO] Sent: d7d5
2026-03-21 17:36:05,261 [INFO] CPL: 14.0 | Avg: 66.8 | n=4
2026-03-21 17:36:05,261 [INFO] Avg CPL=66.8 -> depth 11
2026-03-21 17:36:05,286 [INFO] Stockfish depth 11: f8e7
2026-03-21 17:36:05,867 [INFO] HTTP Request: POST https://lichess.org/api/bot/game/lvDz4LWo/move/f8e7 "HTTP/1.1 200 OK"
2026-03-21 17:36:05,867 [INFO] Sent: f8e7
2026-03-21 17:36:07,138 [INFO] Game finished: lvDz4LWo | Active: 0
2026-03-21 17:39:08,769 [INFO] HTTP Request: GET https://lichess.org/api/account "HTTP/1.1 200 OK"
2026-03-21 17:39:08,782 [INFO] Logged in as: Inappropriate_BOT
2026-03-21 17:39:08,784 [INFO] OpenningTrainer is ONLINE
2026-03-21 17:39:08,785 [INFO] Listening for events...
2026-03-21 17:39:09,648 [INFO] HTTP Request: GET https://lichess.org/api/stream/event "HTTP/1.1 200 OK"
2026-03-21 17:39:21,513 [INFO] Challenge: World_Champppppppppp | standard | blitz | rated=False
2026-03-21 17:39:22,944 [INFO] HTTP Request: POST https://lichess.org/api/challenge/ntAs5YBu/accept "HTTP/1.1 200 OK"
2026-03-21 17:39:22,944 [INFO] Accepted: World_Champppppppppp
2026-03-21 17:39:22,944 [INFO] Game starting: ntAs5YBu
2026-03-21 17:39:25,334 [INFO] Engine started
2026-03-21 17:39:25,883 [INFO] HTTP Request: GET https://lichess.org/api/bot/game/stream/ntAs5YBu "HTTP/1.1 200 OK"
2026-03-21 17:39:26,377 [INFO] HTTP Request: GET https://lichess.org/api/account "HTTP/1.1 200 OK"
2026-03-21 17:39:26,377 [INFO] Playing as Black
2026-03-21 17:39:26,548 [INFO] HTTP Request: POST https://lichess.org/api/bot/game/ntAs5YBu/chat "HTTP/1.1 200 OK"
2026-03-21 17:39:48,865 [INFO] Book move: c7c5
2026-03-21 17:39:49,490 [INFO] HTTP Request: POST https://lichess.org/api/bot/game/ntAs5YBu/move/c7c5 "HTTP/1.1 200 OK"
2026-03-21 17:39:49,490 [INFO] Sent: c7c5
2026-03-21 17:39:52,882 [INFO] Book move: e7e6
2026-03-21 17:39:53,070 [INFO] HTTP Request: POST https://lichess.org/api/bot/game/ntAs5YBu/move/e7e6 "HTTP/1.1 200 OK"
2026-03-21 17:39:53,078 [INFO] Sent: e7e6
2026-03-21 17:39:55,659 [INFO] HTTP Request: POST https://lichess.org/api/bot/game/ntAs5YBu/draw/yes "HTTP/1.1 200 OK"
2026-03-21 17:39:55,694 [INFO] Game finished: ntAs5YBu | Active: 0
2026-03-21 17:40:03,331 [INFO] Challenge: World_Champppppppppp | standard | blitz | rated=False
2026-03-21 17:40:04,758 [INFO] HTTP Request: POST https://lichess.org/api/challenge/5OyJmpg4/accept "HTTP/1.1 200 OK"
2026-03-21 17:40:04,758 [INFO] Accepted: World_Champppppppppp
2026-03-21 17:40:04,904 [INFO] Game starting: 5OyJmpg4
2026-03-21 17:40:07,008 [INFO] Engine started
2026-03-21 17:40:07,521 [INFO] HTTP Request: GET https://lichess.org/api/bot/game/stream/5OyJmpg4 "HTTP/1.1 200 OK"
2026-03-21 17:40:08,032 [INFO] HTTP Request: GET https://lichess.org/api/account "HTTP/1.1 200 OK"
2026-03-21 17:40:08,032 [INFO] Playing as White
2026-03-21 17:40:08,202 [INFO] HTTP Request: POST https://lichess.org/api/bot/game/5OyJmpg4/chat "HTTP/1.1 200 OK"
2026-03-21 17:40:08,203 [INFO] Book move: g1f3
2026-03-21 17:40:08,374 [INFO] HTTP Request: POST https://lichess.org/api/bot/game/5OyJmpg4/move/g1f3 "HTTP/1.1 200 OK"
2026-03-21 17:40:08,376 [INFO] Sent: g1f3
2026-03-21 17:40:08,563 [INFO] Out of book
2026-03-21 17:40:08,727 [INFO] HTTP Request: POST https://lichess.org/api/bot/game/5OyJmpg4/chat "HTTP/1.1 200 OK"
2026-03-21 17:40:08,898 [INFO] Stockfish depth 12: f3e5
2026-03-21 17:40:09,191 [INFO] HTTP Request: POST https://lichess.org/api/bot/game/5OyJmpg4/move/f3e5 "HTTP/1.1 200 OK"
2026-03-21 17:40:09,191 [INFO] Sent: f3e5
2026-03-21 17:40:11,441 [INFO] Game finished: 5OyJmpg4 | Active: 0
2026-03-21 19:24:56,005 [INFO] HTTP Request: GET https://lichess.org/api/account "HTTP/1.1 200 OK"
2026-03-21 19:24:56,013 [INFO] Logged in as: Inappropriate_BOT
2026-03-21 19:24:56,013 [INFO] OpeningTrainer is ONLINE
2026-03-21 19:24:56,013 [INFO] Listening for events...
2026-03-21 19:24:56,836 [INFO] HTTP Request: GET https://lichess.org/api/stream/event "HTTP/1.1 200 OK"
2026-03-21 19:25:16,161 [INFO] Challenge: World_Champppppppppp | standard | blitz | rated=False
2026-03-21 19:25:17,580 [INFO] HTTP Request: POST https://lichess.org/api/challenge/zfIOD9lI/accept "HTTP/1.1 200 OK"
2026-03-21 19:25:17,589 [INFO] Accepted: World_Champppppppppp
2026-03-21 19:25:17,589 [INFO] Game starting: zfIOD9lI
2026-03-21 19:25:23,578 [INFO] Engine started
2026-03-21 19:25:24,068 [INFO] HTTP Request: GET https://lichess.org/api/bot/game/stream/zfIOD9lI "HTTP/1.1 200 OK"
2026-03-21 19:25:24,575 [INFO] HTTP Request: GET https://lichess.org/api/account "HTTP/1.1 200 OK"
2026-03-21 19:25:24,578 [INFO] Playing as Black
2026-03-21 19:25:24,748 [INFO] HTTP Request: POST https://lichess.org/api/bot/game/zfIOD9lI/chat "HTTP/1.1 200 OK"
2026-03-21 19:25:24,850 [INFO] Book move: c7c5
2026-03-21 19:25:25,012 [INFO] HTTP Request: POST https://lichess.org/api/bot/game/zfIOD9lI/move/c7c5 "HTTP/1.1 200 OK"
2026-03-21 19:25:25,022 [INFO] Sent: c7c5
2026-03-21 19:25:27,848 [INFO] Book move: e7e6
2026-03-21 19:25:28,059 [INFO] HTTP Request: POST https://lichess.org/api/bot/game/zfIOD9lI/move/e7e6 "HTTP/1.1 200 OK"
2026-03-21 19:25:28,074 [INFO] Sent: e7e6
2026-03-21 19:25:30,782 [INFO] Out of book
2026-03-21 19:25:30,983 [INFO] HTTP Request: POST https://lichess.org/api/bot/game/zfIOD9lI/chat "HTTP/1.1 200 OK"
2026-03-21 19:25:31,038 [INFO] Stockfish depth 12: d7d5
2026-03-21 19:25:31,778 [INFO] HTTP Request: POST https://lichess.org/api/bot/game/zfIOD9lI/move/d7d5 "HTTP/1.1 200 OK"
2026-03-21 19:25:31,785 [INFO] Sent: d7d5
2026-03-21 19:25:35,486 [INFO] CPL: 0.0 | Avg: 0.0 | n=1
2026-03-21 19:25:35,528 [INFO] Stockfish depth 12: b8c6
2026-03-21 19:25:36,292 [INFO] HTTP Request: POST https://lichess.org/api/bot/game/zfIOD9lI/move/b8c6 "HTTP/1.1 200 OK"
2026-03-21 19:25:36,299 [INFO] Sent: b8c6
2026-03-21 19:25:39,438 [INFO] HTTP Request: POST https://lichess.org/api/bot/game/zfIOD9lI/draw/yes "HTTP/1.1 200 OK"
2026-03-21 19:25:39,464 [INFO] Game finished: zfIOD9lI | Active: 0
2026-03-21 19:25:43,698 [INFO] Challenge: World_Champppppppppp | standard | blitz | rated=False
2026-03-21 19:25:45,232 [INFO] HTTP Request: POST https://lichess.org/api/challenge/MFgMxViq/accept "HTTP/1.1 200 OK"
2026-03-21 19:25:45,235 [INFO] Accepted: World_Champppppppppp
2026-03-21 19:25:45,358 [INFO] Game starting: MFgMxViq
2026-03-21 19:25:48,141 [INFO] Engine started
2026-03-21 19:25:48,644 [INFO] HTTP Request: GET https://lichess.org/api/bot/game/stream/MFgMxViq "HTTP/1.1 200 OK"
2026-03-21 19:25:49,158 [INFO] HTTP Request: GET https://lichess.org/api/account "HTTP/1.1 200 OK"
2026-03-21 19:25:49,160 [INFO] Playing as White
2026-03-21 19:25:49,328 [INFO] HTTP Request: POST https://lichess.org/api/bot/game/MFgMxViq/chat "HTTP/1.1 200 OK"
2026-03-21 19:25:49,334 [INFO] Book move: c2c4
2026-03-21 19:25:49,509 [INFO] HTTP Request: POST https://lichess.org/api/bot/game/MFgMxViq/move/c2c4 "HTTP/1.1 200 OK"
2026-03-21 19:25:49,513 [INFO] Sent: c2c4
2026-03-21 19:25:50,139 [INFO] Out of book
2026-03-21 19:25:50,308 [INFO] HTTP Request: POST https://lichess.org/api/bot/game/MFgMxViq/chat "HTTP/1.1 200 OK"
2026-03-21 19:25:50,378 [INFO] Stockfish depth 12: c4d5
2026-03-21 19:25:50,599 [INFO] HTTP Request: POST https://lichess.org/api/bot/game/MFgMxViq/move/c4d5 "HTTP/1.1 200 OK"
2026-03-21 19:25:50,600 [INFO] Sent: c4d5
2026-03-21 19:25:54,940 [INFO] CPL: 12.0 | Avg: 12.0 | n=1
2026-03-21 19:25:55,148 [INFO] Stockfish depth 12: b1c3
2026-03-21 19:25:55,632 [INFO] HTTP Request: POST https://lichess.org/api/bot/game/MFgMxViq/move/b1c3 "HTTP/1.1 200 OK"
2026-03-21 19:25:55,636 [INFO] Sent: b1c3
2026-03-21 19:25:58,654 [INFO] CPL: 9.0 | Avg: 10.5 | n=2
2026-03-21 19:25:58,768 [INFO] Stockfish depth 12: g1f3
2026-03-21 19:25:59,298 [INFO] HTTP Request: POST https://lichess.org/api/bot/game/MFgMxViq/move/g1f3 "HTTP/1.1 200 OK"
2026-03-21 19:25:59,298 [INFO] Sent: g1f3
2026-03-21 19:27:32,006 [INFO] CPL: 68.0 | Avg: 29.7 | n=3
2026-03-21 19:27:32,015 [INFO] Avg CPL=29.7 -> depth 17
2026-03-21 19:27:32,527 [INFO] Stockfish depth 17: d2d4
2026-03-21 19:27:33,103 [INFO] HTTP Request: POST https://lichess.org/api/bot/game/MFgMxViq/move/d2d4 "HTTP/1.1 200 OK"
2026-03-21 19:27:33,108 [INFO] Sent: d2d4
2026-03-21 19:27:34,459 [INFO] CPL: 137.0 | Avg: 56.5 | n=4
2026-03-21 19:27:34,459 [INFO] Avg CPL=56.5 -> depth 14
2026-03-21 19:27:34,724 [INFO] Stockfish depth 14: d4d5
2026-03-21 19:27:36,649 [INFO] HTTP Request: POST https://lichess.org/api/bot/game/MFgMxViq/move/d4d5 "HTTP/1.1 200 OK"
2026-03-21 19:27:36,652 [INFO] Sent: d4d5
2026-03-21 19:27:40,481 [INFO] CPL: 132.0 | Avg: 71.6 | n=5
2026-03-21 19:27:40,481 [INFO] Avg CPL=71.6 -> depth 11
2026-03-21 19:27:40,504 [INFO] Stockfish depth 11: d5c6
2026-03-21 19:27:40,758 [INFO] HTTP Request: POST https://lichess.org/api/bot/game/MFgMxViq/move/d5c6 "HTTP/1.1 200 OK"
2026-03-21 19:27:40,758 [INFO] Sent: d5c6
2026-03-21 19:29:28,674 [INFO] Game finished: MFgMxViq | Active: 0
2026-03-21 19:29:29,422 [INFO] Challenge: World_Champppppppppp | standard | blitz | rated=False
2026-03-21 19:29:30,305 [INFO] HTTP Request: POST https://lichess.org/api/challenge/bKTKLfic/accept "HTTP/1.1 200 OK"
2026-03-21 19:29:30,305 [INFO] Accepted: World_Champppppppppp
2026-03-21 19:29:30,431 [INFO] Game starting: bKTKLfic
2026-03-21 19:29:32,972 [INFO] Engine started
2026-03-21 19:29:33,493 [INFO] HTTP Request: GET https://lichess.org/api/bot/game/stream/bKTKLfic "HTTP/1.1 200 OK"
2026-03-21 19:29:34,027 [INFO] HTTP Request: GET https://lichess.org/api/account "HTTP/1.1 200 OK"
2026-03-21 19:29:34,027 [INFO] Playing as Black
2026-03-21 19:29:34,189 [INFO] HTTP Request: POST https://lichess.org/api/bot/game/bKTKLfic/chat "HTTP/1.1 200 OK"
2026-03-21 19:29:34,205 [INFO] Book move: c7c5
2026-03-21 19:29:34,216 [INFO] Game finished: bKTKLfic | Active: 0
2026-03-21 19:29:35,640 [INFO] Challenge: World_Champppppppppp | standard | blitz | rated=False
2026-03-21 19:29:36,570 [INFO] HTTP Request: POST https://lichess.org/api/challenge/U6Xr9rhz/accept "HTTP/1.1 200 OK"
2026-03-21 19:29:36,570 [INFO] Accepted: World_Champppppppppp
2026-03-21 19:29:36,680 [INFO] Game starting: U6Xr9rhz
2026-03-21 19:29:38,742 [INFO] Engine started
2026-03-21 19:29:39,271 [INFO] HTTP Request: GET https://lichess.org/api/bot/game/stream/U6Xr9rhz "HTTP/1.1 200 OK"
2026-03-21 19:29:39,760 [INFO] HTTP Request: GET https://lichess.org/api/account "HTTP/1.1 200 OK"
2026-03-21 19:29:39,769 [INFO] Playing as White
2026-03-21 19:29:39,933 [INFO] HTTP Request: POST https://lichess.org/api/bot/game/U6Xr9rhz/chat "HTTP/1.1 200 OK"
2026-03-21 19:29:39,933 [INFO] Book move: d2d4
2026-03-21 19:29:40,096 [INFO] HTTP Request: POST https://lichess.org/api/bot/game/U6Xr9rhz/move/d2d4 "HTTP/1.1 200 OK"
2026-03-21 19:29:40,100 [INFO] Sent: d2d4
2026-03-21 19:29:40,716 [INFO] Book move: c2c4
2026-03-21 19:29:40,887 [INFO] HTTP Request: POST https://lichess.org/api/bot/game/U6Xr9rhz/move/c2c4 "HTTP/1.1 200 OK"
2026-03-21 19:29:40,895 [INFO] Sent: c2c4
2026-03-21 19:29:44,257 [INFO] Book move: e2e4
2026-03-21 19:29:44,424 [INFO] HTTP Request: POST https://lichess.org/api/bot/game/U6Xr9rhz/move/e2e4 "HTTP/1.1 200 OK"
2026-03-21 19:29:44,432 [INFO] Sent: e2e4
2026-03-21 19:29:46,622 [INFO] Book move: g1f3
2026-03-21 19:29:46,795 [INFO] HTTP Request: POST https://lichess.org/api/bot/game/U6Xr9rhz/move/g1f3 "HTTP/1.1 200 OK"
2026-03-21 19:29:46,796 [INFO] Sent: g1f3
2026-03-21 19:29:49,387 [INFO] Book move: d4d5
2026-03-21 19:29:49,552 [INFO] HTTP Request: POST https://lichess.org/api/bot/game/U6Xr9rhz/move/d4d5 "HTTP/1.1 200 OK"
2026-03-21 19:29:49,558 [INFO] Sent: d4d5
2026-03-21 19:29:51,787 [INFO] Book move: c1f4
2026-03-21 19:29:51,961 [INFO] HTTP Request: POST https://lichess.org/api/bot/game/U6Xr9rhz/move/c1f4 "HTTP/1.1 200 OK"
2026-03-21 19:29:51,962 [INFO] Sent: c1f4
2026-03-21 19:29:53,484 [INFO] Out of book
2026-03-21 19:29:53,650 [INFO] HTTP Request: POST https://lichess.org/api/bot/game/U6Xr9rhz/chat "HTTP/1.1 200 OK"
2026-03-21 19:29:53,705 [INFO] Stockfish depth 12: g2f3
2026-03-21 19:29:54,110 [INFO] HTTP Request: POST https://lichess.org/api/bot/game/U6Xr9rhz/move/g2f3 "HTTP/1.1 200 OK"
2026-03-21 19:29:54,111 [INFO] Sent: g2f3
2026-03-21 19:29:56,768 [INFO] CPL: 37.0 | Avg: 37.0 | n=1
2026-03-21 19:29:56,784 [INFO] Stockfish depth 12: f1c4
2026-03-21 19:29:57,199 [INFO] HTTP Request: POST https://lichess.org/api/bot/game/U6Xr9rhz/move/f1c4 "HTTP/1.1 200 OK"
2026-03-21 19:29:57,201 [INFO] Sent: f1c4
2026-03-21 19:29:59,012 [INFO] CPL: 391.0 | Avg: 214.0 | n=2
2026-03-21 19:29:59,304 [INFO] Stockfish depth 12: d1a4
2026-03-21 19:29:59,843 [INFO] HTTP Request: POST https://lichess.org/api/bot/game/U6Xr9rhz/move/d1a4 "HTTP/1.1 200 OK"
2026-03-21 19:29:59,851 [INFO] Sent: d1a4
2026-03-21 19:30:03,535 [INFO] CPL: 46.0 | Avg: 158.0 | n=3
2026-03-21 19:30:03,535 [INFO] Avg CPL=158.0 -> depth 5
2026-03-21 19:30:03,542 [INFO] Stockfish depth 5: c4b5
2026-03-21 19:30:03,809 [INFO] HTTP Request: POST https://lichess.org/api/bot/game/U6Xr9rhz/move/c4b5 "HTTP/1.1 200 OK"
2026-03-21 19:30:03,809 [INFO] Sent: c4b5
2026-03-21 19:30:05,957 [INFO] CPL: 63.0 | Avg: 134.2 | n=4
2026-03-21 19:30:05,957 [INFO] Avg CPL=134.2 -> depth 5
2026-03-21 19:30:05,965 [INFO] Stockfish depth 5: d5c6
2026-03-21 19:30:07,150 [INFO] HTTP Request: POST https://lichess.org/api/bot/game/U6Xr9rhz/move/d5c6 "HTTP/1.1 200 OK"
2026-03-21 19:30:07,150 [INFO] Sent: d5c6
2026-03-21 19:30:09,877 [INFO] CPL: 9269.0 | Avg: 1961.2 | n=5
2026-03-21 19:30:09,881 [INFO] Stockfish depth 5: c6b7
2026-03-21 19:30:10,049 [INFO] HTTP Request: POST https://lichess.org/api/bot/game/U6Xr9rhz/move/c6b7 "HTTP/1.1 200 OK"
2026-03-21 19:30:10,058 [INFO] Sent: c6b7
2026-03-21 19:30:13,231 [INFO] Game finished: U6Xr9rhz | Active: 0
2026-03-21 19:30:35,545 [INFO] HTTP Request: GET https://lichess.org/api/account "HTTP/1.1 200 OK"
2026-03-21 19:30:35,545 [INFO] Logged in as: Inappropriate_BOT
2026-03-21 19:30:35,545 [INFO] OpeningTrainer is ONLINE
2026-03-21 19:30:35,545 [INFO] Listening for events...
2026-03-21 19:30:36,416 [INFO] HTTP Request: GET https://lichess.org/api/stream/event "HTTP/1.1 200 OK"
2026-03-21 19:31:11,864 [INFO] Challenge: World_Champppppppppp | standard | correspondence | rated=True
2026-03-21 19:31:13,212 [INFO] HTTP Request: POST https://lichess.org/api/challenge/hIjQhXHn/accept "HTTP/1.1 200 OK"
2026-03-21 19:31:13,212 [INFO] Accepted: World_Champppppppppp
2026-03-21 19:31:13,219 [INFO] Game starting: hIjQhXHn
2026-03-21 19:31:16,850 [INFO] Engine started
2026-03-21 19:31:17,359 [INFO] HTTP Request: GET https://lichess.org/api/bot/game/stream/hIjQhXHn "HTTP/1.1 200 OK"
2026-03-21 19:31:17,907 [INFO] HTTP Request: GET https://lichess.org/api/account "HTTP/1.1 200 OK"
2026-03-21 19:31:17,907 [INFO] Playing as Black
2026-03-21 19:31:18,112 [INFO] HTTP Request: POST https://lichess.org/api/bot/game/hIjQhXHn/chat "HTTP/1.1 200 OK"
2026-03-21 19:31:18,115 [INFO] Book move: c7c5
2026-03-21 19:31:18,299 [INFO] HTTP Request: POST https://lichess.org/api/bot/game/hIjQhXHn/move/c7c5 "HTTP/1.1 200 OK"
2026-03-21 19:31:18,299 [INFO] Sent: c7c5
2026-03-21 19:31:21,982 [INFO] Out of book
2026-03-21 19:31:22,161 [INFO] HTTP Request: POST https://lichess.org/api/bot/game/hIjQhXHn/chat "HTTP/1.1 200 OK"
2026-03-21 19:31:22,228 [INFO] Stockfish depth 12: c5d4
2026-03-21 19:31:22,531 [INFO] HTTP Request: POST https://lichess.org/api/bot/game/hIjQhXHn/move/c5d4 "HTTP/1.1 200 OK"
2026-03-21 19:31:22,531 [INFO] Sent: c5d4
2026-03-21 19:31:29,344 [INFO] CPL: 56.0 | Avg: 56.0 | n=1
2026-03-21 19:31:29,475 [INFO] Stockfish depth 12: d4c3
2026-03-21 19:31:30,445 [INFO] HTTP Request: POST https://lichess.org/api/bot/game/hIjQhXHn/move/d4c3 "HTTP/1.1 200 OK"
2026-03-21 19:31:30,449 [INFO] Sent: d4c3
2026-03-21 19:31:39,392 [INFO] CPL: 0.0 | Avg: 28.0 | n=2
2026-03-21 19:31:39,406 [INFO] Stockfish depth 12: b8c6
2026-03-21 19:31:40,041 [INFO] HTTP Request: POST https://lichess.org/api/bot/game/hIjQhXHn/move/b8c6 "HTTP/1.1 200 OK"
2026-03-21 19:31:40,041 [INFO] Sent: b8c6
2026-03-21 19:35:13,484 [INFO] CPL: 32.0 | Avg: 29.3 | n=3
2026-03-21 19:35:13,484 [INFO] Avg CPL=29.3 -> depth 17
2026-03-21 19:35:14,664 [INFO] Stockfish depth 17: g8f6
2026-03-21 19:35:15,352 [INFO] HTTP Request: POST https://lichess.org/api/bot/game/hIjQhXHn/move/g8f6 "HTTP/1.1 200 OK"
2026-03-21 19:35:15,354 [INFO] Sent: g8f6
2026-03-21 19:35:54,614 [INFO] CPL: 21.0 | Avg: 27.2 | n=4
2026-03-21 19:35:54,614 [INFO] Avg CPL=27.2 -> depth 17
2026-03-21 19:35:55,287 [INFO] Stockfish depth 17: e7e6
2026-03-21 19:35:56,084 [INFO] HTTP Request: POST https://lichess.org/api/bot/game/hIjQhXHn/move/e7e6 "HTTP/1.1 200 OK"
2026-03-21 19:35:56,084 [INFO] Sent: e7e6
2026-03-21 19:42:25,796 [INFO] Bot stopped. GG.
2026-03-21 19:42:32,614 [INFO] HTTP Request: GET https://lichess.org/api/account "HTTP/1.1 200 OK"
2026-03-21 19:42:32,614 [INFO] Logged in as: Inappropriate_BOT
2026-03-21 19:42:32,614 [INFO] OpeningTrainer is ONLINE
2026-03-21 19:42:32,630 [INFO] Listening for events...
2026-03-21 19:42:33,483 [INFO] HTTP Request: GET https://lichess.org/api/stream/event "HTTP/1.1 200 OK"
2026-03-21 19:42:33,484 [INFO] Game starting: hIjQhXHn
2026-03-21 19:42:35,142 [INFO] Engine started
2026-03-21 19:42:35,659 [INFO] HTTP Request: GET https://lichess.org/api/bot/game/stream/hIjQhXHn "HTTP/1.1 200 OK"
2026-03-21 19:42:36,155 [INFO] HTTP Request: GET https://lichess.org/api/account "HTTP/1.1 200 OK"
2026-03-21 19:42:36,155 [INFO] Playing as Black
2026-03-21 19:42:36,326 [INFO] HTTP Request: POST https://lichess.org/api/bot/game/hIjQhXHn/chat "HTTP/1.1 200 OK"
2026-03-21 19:42:39,579 [INFO] Challenge: World_Champppppppppp | standard | correspondence | rated=False
2026-03-21 19:42:41,384 [INFO] HTTP Request: POST https://lichess.org/api/challenge/DvU2wizz/accept "HTTP/1.1 200 OK"
2026-03-21 19:42:41,384 [INFO] Accepted: World_Champppppppppp
2026-03-21 19:42:41,391 [INFO] Game starting: DvU2wizz
2026-03-21 19:42:46,214 [INFO] Engine started
2026-03-21 19:42:46,760 [INFO] HTTP Request: GET https://lichess.org/api/bot/game/stream/DvU2wizz "HTTP/1.1 200 OK"
2026-03-21 19:42:47,265 [INFO] HTTP Request: GET https://lichess.org/api/account "HTTP/1.1 200 OK"
2026-03-21 19:42:47,265 [INFO] Playing as Black
2026-03-21 19:42:47,445 [INFO] HTTP Request: POST https://lichess.org/api/bot/game/DvU2wizz/chat "HTTP/1.1 200 OK"
2026-03-21 19:42:47,502 [INFO] Book move: e7e6
2026-03-21 19:42:47,669 [INFO] HTTP Request: POST https://lichess.org/api/bot/game/DvU2wizz/move/e7e6 "HTTP/1.1 200 OK"
2026-03-21 19:42:47,671 [INFO] Sent: e7e6
2026-03-21 19:42:49,883 [INFO] Book move: d7d5
2026-03-21 19:42:50,055 [INFO] HTTP Request: POST https://lichess.org/api/bot/game/DvU2wizz/move/d7d5 "HTTP/1.1 200 OK"
2026-03-21 19:42:50,064 [INFO] Sent: d7d5
2026-03-21 19:42:52,369 [INFO] Book move: c7c5
2026-03-21 19:42:52,541 [INFO] HTTP Request: POST https://lichess.org/api/bot/game/DvU2wizz/move/c7c5 "HTTP/1.1 200 OK"
2026-03-21 19:42:52,541 [INFO] Sent: c7c5
